<?xml version="1.0" encoding="UTF-8"?>
<!-- Generated by org.testng.reporters.JUnitReportReporter -->
<testsuite hostname="SUBHASH" failures="0" tests="2" name="com.testng.coach.SimpleAnnotation" time="0.006" errors="0" timestamp="2022-06-19T10:13:40 IST" skipped="0">
  <testcase classname="com.testng.coach.SimpleAnnotation" name="testCase1" time="0.005"/>
  <system-out/>
  <testcase classname="com.testng.coach.SimpleAnnotation" name="testCase2" time="0.001"/>
  <system-out/>
</testsuite> <!-- com.testng.coach.SimpleAnnotation -->
