<?xml version="1.0" encoding="UTF-8"?>
<!-- Generated by org.testng.reporters.JUnitReportReporter -->
<testsuite hostname="SUBHASH" failures="0" tests="2" name="com.testng.coach.ParallelTest" time="6.139" errors="0" timestamp="2022-06-26T07:25:41 IST" skipped="0">
  <testcase classname="com.testng.coach.ParallelTest" name="amazonPage" time="4.724"/>
  <system-out/>
  <testcase classname="com.testng.coach.ParallelTest" name="faceBook" time="1.415"/>
  <system-out/>
</testsuite> <!-- com.testng.coach.ParallelTest -->
