<?xml version="1.0" encoding="UTF-8"?>
<!-- Generated by org.testng.reporters.JUnitReportReporter -->
<testsuite hostname="SUBHASH" failures="0" tests="4" name="com.testng.coach.GamesGroups" time="0.009" errors="0" timestamp="2022-06-22T20:14:33 IST" skipped="0">
  <testcase classname="com.testng.coach.GamesGroups" name="comicsBook" time="0.001"/>
  <system-out/>
  <testcase classname="com.testng.coach.GamesGroups" name="pythonBook" time="0.001"/>
  <system-out/>
  <testcase classname="com.testng.coach.GamesGroups" name="cartoonBook" time="0.007"/>
  <system-out/>
  <testcase classname="com.testng.coach.GamesGroups" name="javaBook" time="0.000"/>
  <system-out/>
</testsuite> <!-- com.testng.coach.GamesGroups -->
