<?xml version="1.0" encoding="UTF-8"?>
<!-- Generated by org.testng.reporters.JUnitReportReporter -->
<testsuite hostname="SUBHASH" failures="0" tests="11" name="com.testng.coach.SampleTestng" time="0.013" errors="0" timestamp="2022-06-19T10:48:49 IST" skipped="1">
  <testcase classname="com.testng.coach.SampleTestng" name="TennisCoach" time="0.001"/>
  <system-out/>
  <testcase classname="com.testng.coach.SampleTestng" name="TennisCoach" time="0.007"/>
  <system-out/>
  <testcase classname="com.testng.coach.SampleTestng" name="TennisCoach" time="0.000"/>
  <system-out/>
  <testcase classname="com.testng.coach.SampleTestng" name="TennisCoach" time="0.001"/>
  <system-out/>
  <testcase classname="com.testng.coach.SampleTestng" name="BasketBallCoach" time="0.001"/>
  <system-out/>
  <testcase classname="com.testng.coach.SampleTestng" name="PrintSum" time="0.000"/>
  <system-out/>
  <testcase classname="com.testng.coach.SampleTestng" name="RugbyCoach" time="0.000"/>
  <system-out/>
  <testcase classname="com.testng.coach.SampleTestng" name="CricketCoach" time="0.001"/>
  <system-out/>
  <testcase classname="com.testng.coach.SampleTestng" name="HeadCoach" time="0.001"/>
  <system-out/>
  <testcase classname="com.testng.coach.SampleTestng" name="RugbyCoach" time="0.001"/>
  <system-out/>
  <testcase classname="com.testng.coach.SampleTestng" name="FootBallCoach">
    <skipped/>
  </testcase> <!-- FootBallCoach -->
  <system-out/>
</testsuite> <!-- com.testng.coach.SampleTestng -->
